<?xml version="1.0" encoding="UTF-8"?>
<!-- Generated by org.testng.reporters.JUnitReportReporter -->
<testsuite hostname="DESKTOP-1FUPUEC" failures="0" tests="4" name="testng.TestNGClassSNDTUniversity" time="6.394" errors="1" timestamp="2023-04-17T13:02:10 IST" skipped="3">
  <testcase classname="testng.TestNGClassSNDTUniversity" name="OpenBrowser" time="6.394">
    <error message="session not created: This version of ChromeDriver only supports Chrome version 110
Current browser version is 112.0.5615.86 with binary path C:\Program Files\Google\Chrome\Application\chrome.exe
Build info: version: &#039;3.141.59&#039;, revision: &#039;e82be7d358&#039;, time: &#039;2018-11-14T08:17:03&#039;
System info: host: &#039;DESKTOP-1FUPUEC&#039;, ip: &#039;192.168.164.123&#039;, os.name: &#039;Windows 11&#039;, os.arch: &#039;amd64&#039;, os.version: &#039;10.0&#039;, java.version: &#039;19.0.1&#039;
Driver info: driver.version: ChromeDriver
remote stacktrace: Backtrace:
	(No symbol) [0x002C37D3]
	(No symbol) [0x00258B81]
	(No symbol) [0x0015B36D]
	(No symbol) [0x0017ED6D]
	(No symbol) [0x00179B90]
	(No symbol) [0x00176FC9]
	(No symbol) [0x001B1ED5]
	(No symbol) [0x001B1B2C]
	(No symbol) [0x001AB216]
	(No symbol) [0x00180D97]
	(No symbol) [0x0018253D]
	GetHandleVerifier [0x0053ABF2+2510930]
	GetHandleVerifier [0x00568EC1+2700065]
	GetHandleVerifier [0x0056C86C+2714828]
	GetHandleVerifier [0x00373480+645344]
	(No symbol) [0x00260FD2]
	(No symbol) [0x00266C68]
	(No symbol) [0x00266D4B]
	(No symbol) [0x00270D6B]
	BaseThreadInitThunk [0x75EF6BD9+25]
	RtlGetFullPathName_UEx [0x770D8FD2+1218]
	RtlGetFullPathName_UEx [0x770D8F9D+1165]
	(No symbol) [0x00000000]
" type="org.openqa.selenium.SessionNotCreatedException">
      <![CDATA[org.openqa.selenium.SessionNotCreatedException: session not created: This version of ChromeDriver only supports Chrome version 110
Current browser version is 112.0.5615.86 with binary path C:\Program Files\Google\Chrome\Application\chrome.exe
Build info: version: '3.141.59', revision: 'e82be7d358', time: '2018-11-14T08:17:03'
System info: host: 'DESKTOP-1FUPUEC', ip: '192.168.164.123', os.name: 'Windows 11', os.arch: 'amd64', os.version: '10.0', java.version: '19.0.1'
Driver info: driver.version: ChromeDriver
remote stacktrace: Backtrace:
(No symbol) [0x002C37D3]
(No symbol) [0x00258B81]
(No symbol) [0x0015B36D]
(No symbol) [0x0017ED6D]
(No symbol) [0x00179B90]
(No symbol) [0x00176FC9]
(No symbol) [0x001B1ED5]
(No symbol) [0x001B1B2C]
(No symbol) [0x001AB216]
(No symbol) [0x00180D97]
(No symbol) [0x0018253D]
GetHandleVerifier [0x0053ABF2+2510930]
GetHandleVerifier [0x00568EC1+2700065]
GetHandleVerifier [0x0056C86C+2714828]
GetHandleVerifier [0x00373480+645344]
(No symbol) [0x00260FD2]
(No symbol) [0x00266C68]
(No symbol) [0x00266D4B]
(No symbol) [0x00270D6B]
BaseThreadInitThunk [0x75EF6BD9+25]
RtlGetFullPathName_UEx [0x770D8FD2+1218]
RtlGetFullPathName_UEx [0x770D8F9D+1165]
(No symbol) [0x00000000]

at java.base/jdk.internal.reflect.DirectConstructorHandleAccessor.newInstance(DirectConstructorHandleAccessor.java:67)
at java.base/java.lang.reflect.Constructor.newInstanceWithCaller(Constructor.java:500)
at java.base/java.lang.reflect.Constructor.newInstance(Constructor.java:484)
at org.openqa.selenium.remote.W3CHandshakeResponse.lambda$errorHandler$0(W3CHandshakeResponse.java:62)
at org.openqa.selenium.remote.HandshakeResponse.lambda$getResponseFunction$0(HandshakeResponse.java:30)
at org.openqa.selenium.remote.ProtocolHandshake.lambda$createSession$0(ProtocolHandshake.java:126)
at java.base/java.util.stream.ReferencePipeline$3$1.accept(ReferencePipeline.java:197)
at java.base/java.util.Spliterators$ArraySpliterator.tryAdvance(Spliterators.java:1016)
at java.base/java.util.stream.ReferencePipeline.forEachWithCancel(ReferencePipeline.java:129)
at java.base/java.util.stream.AbstractPipeline.copyIntoWithCancel(AbstractPipeline.java:527)
at java.base/java.util.stream.AbstractPipeline.copyInto(AbstractPipeline.java:513)
at java.base/java.util.stream.AbstractPipeline.wrapAndCopyInto(AbstractPipeline.java:499)
at java.base/java.util.stream.FindOps$FindOp.evaluateSequential(FindOps.java:150)
at java.base/java.util.stream.AbstractPipeline.evaluate(AbstractPipeline.java:234)
at java.base/java.util.stream.ReferencePipeline.findFirst(ReferencePipeline.java:647)
at org.openqa.selenium.remote.ProtocolHandshake.createSession(ProtocolHandshake.java:128)
at org.openqa.selenium.remote.ProtocolHandshake.createSession(ProtocolHandshake.java:74)
at org.openqa.selenium.remote.HttpCommandExecutor.execute(HttpCommandExecutor.java:136)
at org.openqa.selenium.remote.service.DriverCommandExecutor.execute(DriverCommandExecutor.java:83)
at org.openqa.selenium.remote.RemoteWebDriver.execute(RemoteWebDriver.java:552)
at org.openqa.selenium.remote.RemoteWebDriver.startSession(RemoteWebDriver.java:213)
at org.openqa.selenium.remote.RemoteWebDriver.<init>(RemoteWebDriver.java:131)
at org.openqa.selenium.chrome.ChromeDriver.<init>(ChromeDriver.java:181)
at org.openqa.selenium.chrome.ChromeDriver.<init>(ChromeDriver.java:168)
at org.openqa.selenium.chrome.ChromeDriver.<init>(ChromeDriver.java:123)
at browser.Browser.openChromeBrwser(Browser.java:12)
at testng.TestNGClassSNDTUniversity.OpenBrowser(TestNGClassSNDTUniversity.java:50)
at java.base/jdk.internal.reflect.DirectMethodHandleAccessor.invoke(DirectMethodHandleAccessor.java:104)
at java.base/java.lang.reflect.Method.invoke(Method.java:578)
at org.testng.internal.MethodInvocationHelper.invokeMethod(MethodInvocationHelper.java:133)
at org.testng.internal.MethodInvocationHelper.invokeMethodConsideringTimeout(MethodInvocationHelper.java:62)
at org.testng.internal.ConfigInvoker.invokeConfigurationMethod(ConfigInvoker.java:385)
at org.testng.internal.ConfigInvoker.invokeConfigurations(ConfigInvoker.java:321)
at org.testng.TestRunner.invokeTestConfigurations(TestRunner.java:637)
at org.testng.TestRunner.beforeRun(TestRunner.java:627)
at org.testng.TestRunner.run(TestRunner.java:589)
at org.testng.SuiteRunner.runTest(SuiteRunner.java:377)
at org.testng.SuiteRunner.runSequentially(SuiteRunner.java:371)
at org.testng.SuiteRunner.privateRun(SuiteRunner.java:332)
at org.testng.SuiteRunner.run(SuiteRunner.java:276)
at org.testng.SuiteRunnerWorker.runSuite(SuiteRunnerWorker.java:53)
at org.testng.SuiteRunnerWorker.run(SuiteRunnerWorker.java:96)
at org.testng.TestNG.runSuitesSequentially(TestNG.java:1212)
at org.testng.TestNG.runSuitesLocally(TestNG.java:1134)
at org.testng.TestNG.runSuites(TestNG.java:1063)
at org.testng.TestNG.run(TestNG.java:1031)
at org.testng.remote.AbstractRemoteTestNG.run(AbstractRemoteTestNG.java:115)
at org.testng.remote.RemoteTestNG.initAndRun(RemoteTestNG.java:251)
at org.testng.remote.RemoteTestNG.main(RemoteTestNG.java:77)
]]>
    </error>
  </testcase> <!-- OpenBrowser -->
  <system-out/>
  <testcase classname="testng.TestNGClassSNDTUniversity" name="verifyURLOnStudent" time="0.000">
    <skipped/>
  </testcase> <!-- verifyURLOnStudent -->
  <system-out/>
  <testcase classname="testng.TestNGClassSNDTUniversity" name="verifyURLOnStudentName" time="0.000">
    <skipped/>
  </testcase> <!-- verifyURLOnStudentName -->
  <system-out/>
  <testcase classname="testng.TestNGClassSNDTUniversity" name="getTextStudentName" time="0.000">
    <skipped/>
  </testcase> <!-- getTextStudentName -->
  <system-out/>
</testsuite> <!-- testng.TestNGClassSNDTUniversity -->
