<?xml version="1.0" encoding="UTF-8"?>
<!-- Generated by org.testng.reporters.JUnitXMLReporter -->
<testsuite ignored="0" hostname="DESKTOP-1FUPUEC" failures="2" tests="3" name="ChromeTest" time="41.214" errors="0" timestamp="2023-02-18T12:40:17 IST">
  <testcase classname="testng.TestNGClassSNDTUniversity" name="verifyURLOnStudent" time="11.382">
    <failure type="java.lang.AssertionError" message="The following asserts failed:
	expected [https://sndt.ac.in/] but found [https://sndt.ac.in/index.php/students-sndt]">
      <![CDATA[java.lang.AssertionError: The following asserts failed:
expected [https://sndt.ac.in/] but found [https://sndt.ac.in/index.php/students-sndt]
at testng.TestNGClassSNDTUniversity.verifyURLOnStudent(TestNGClassSNDTUniversity.java:76)
at java.base/java.util.concurrent.ThreadPoolExecutor.runWorker(ThreadPoolExecutor.java:1144)
at java.base/java.util.concurrent.ThreadPoolExecutor$Worker.run(ThreadPoolExecutor.java:642)
at java.base/java.lang.Thread.run(Thread.java:1589)
... Removed 12 stack frames]]>
    </failure>
  </testcase> <!-- verifyURLOnStudent -->
  <testcase classname="testng.TestNGClassSNDTUniversity" name="verifyURLOnStudentName" time="6.317">
    <failure type="java.lang.AssertionError" message="The following asserts failed:
	expected [https://sndt.ac.in/notable-alumni/anita-dongre] but found [https://sndt.ac.in/index.php/notable-alumni/anita-dongre]">
      <![CDATA[java.lang.AssertionError: The following asserts failed:
expected [https://sndt.ac.in/notable-alumni/anita-dongre] but found [https://sndt.ac.in/index.php/notable-alumni/anita-dongre]
at testng.TestNGClassSNDTUniversity.verifyURLOnStudentName(TestNGClassSNDTUniversity.java:112)
at java.base/java.util.concurrent.ThreadPoolExecutor.runWorker(ThreadPoolExecutor.java:1144)
at java.base/java.util.concurrent.ThreadPoolExecutor$Worker.run(ThreadPoolExecutor.java:642)
at java.base/java.lang.Thread.run(Thread.java:1589)
... Removed 12 stack frames]]>
    </failure>
  </testcase> <!-- verifyURLOnStudentName -->
  <testcase classname="testng.TestNGClassSNDTUniversity" name="getTextStudentName" time="7.144"/>
</testsuite> <!-- ChromeTest -->
