<?xml version="1.0" encoding="UTF-8"?>
<!-- Generated by org.testng.reporters.JUnitXMLReporter -->
<testsuite ignored="1" hostname="DESKTOP-1FUPUEC" failures="0" tests="2" name="Test" time="0.079" errors="0" timestamp="2023-02-14T19:52:51 IST">
  <testcase classname="testng.TestNGFacebook" name="@BeforeTest OpenBrowser" time="-1.676384570935E9">
    <failure type="org.testng.TestNGException" message="
Parameter &amp;apos;browser&amp;apos; is required by BeforeTest on method OpenBrowser but has not been marked @Optional or defined
in C:\Users\Usha\eclipse-workspace\MavenProject\testng.xml">
      <![CDATA[org.testng.TestNGException: 
Parameter 'browser' is required by BeforeTest on method OpenBrowser but has not been marked @Optional or defined
in C:\Users\Usha\eclipse-workspace\MavenProject\testng.xml
... Removed 21 stack frames]]>
    </failure>
  </testcase> <!-- @BeforeTest OpenBrowser -->
  <testcase classname="testng.TestNGFacebook" name="@BeforeMethod beforeMethod" time="-1.676384570982E9">
    <skipped/>
  </testcase> <!-- @BeforeMethod beforeMethod -->
  <testcase classname="testng.TestNGFacebook" name="@AfterMethod afterMethod" time="-1.676384570988E9">
    <skipped/>
  </testcase> <!-- @AfterMethod afterMethod -->
  <testcase classname="testng.TestNGFacebook" name="@BeforeMethod beforeMethod" time="-1.676384570998E9">
    <skipped/>
  </testcase> <!-- @BeforeMethod beforeMethod -->
  <testcase classname="testng.TestNGFacebook" name="@AfterMethod afterMethod" time="-1.676384571003E9">
    <skipped/>
  </testcase> <!-- @AfterMethod afterMethod -->
  <testcase classname="testng.TestNGFacebook" name="@AfterClass clearPomObject" time="-1.676384571005E9">
    <skipped/>
  </testcase> <!-- @AfterClass clearPomObject -->
  <testcase classname="testng.TestNGFacebook" name="@AfterTest close" time="-1.676384571006E9">
    <skipped/>
  </testcase> <!-- @AfterTest close -->
  <testcase classname="testng.TestNGFacebook" name="verifyprivacyPolicy" time="0.0">
    <skipped/>
  </testcase> <!-- verifyprivacyPolicy -->
  <testcase classname="testng.TestNGFacebook" name="verifycookiesPolicy" time="0.0">
    <skipped/>
  </testcase> <!-- verifycookiesPolicy -->
  <testcase classname="testng.TestNGFacebook" name="verifyTermsLink" time="0.0">
    <ignored/>
  </testcase> <!-- verifyTermsLink -->
</testsuite> <!-- Test -->
