<?xml version="1.0" encoding="UTF-8"?>
<!-- Generated by org.testng.reporters.JUnitXMLReporter -->
<testsuite ignored="0" hostname="DESKTOP-1FUPUEC" failures="0" tests="3" name="Default test" time="0.132" errors="0" timestamp="2023-02-14T20:54:11 IST">
  <testcase classname="testng.TestNG_Instagram" name="@BeforeTest OpenBrowser" time="-1.676388251271E9">
    <failure type="org.testng.TestNGException" message="
Parameter &amp;apos;browser&amp;apos; is required by BeforeTest on method OpenBrowser but has not been marked @Optional or defined
in C:\Users\Usha\AppData\Local\Temp\testng-eclipse--16554015\testng-customsuite.xml">
      <![CDATA[org.testng.TestNGException: 
Parameter 'browser' is required by BeforeTest on method OpenBrowser but has not been marked @Optional or defined
in C:\Users\Usha\AppData\Local\Temp\testng-eclipse--16554015\testng-customsuite.xml
at org.testng.internal.Parameters.createParams(Parameters.java:270)
at org.testng.internal.Parameters.createParametersForMethod(Parameters.java:358)
at org.testng.internal.Parameters.createParameters(Parameters.java:700)
at org.testng.internal.Parameters.createConfigurationParameters(Parameters.java:168)
at org.testng.internal.ConfigInvoker.invokeConfigurations(ConfigInvoker.java:302)
at org.testng.TestRunner.invokeTestConfigurations(TestRunner.java:637)
at org.testng.TestRunner.beforeRun(TestRunner.java:627)
at org.testng.TestRunner.run(TestRunner.java:589)
at org.testng.SuiteRunner.runTest(SuiteRunner.java:377)
at org.testng.SuiteRunner.runSequentially(SuiteRunner.java:371)
at org.testng.SuiteRunner.privateRun(SuiteRunner.java:332)
at org.testng.SuiteRunner.run(SuiteRunner.java:276)
at org.testng.SuiteRunnerWorker.runSuite(SuiteRunnerWorker.java:53)
at org.testng.SuiteRunnerWorker.run(SuiteRunnerWorker.java:96)
at org.testng.TestNG.runSuitesSequentially(TestNG.java:1212)
at org.testng.TestNG.runSuitesLocally(TestNG.java:1134)
at org.testng.TestNG.runSuites(TestNG.java:1063)
at org.testng.TestNG.run(TestNG.java:1031)
at org.testng.remote.AbstractRemoteTestNG.run(AbstractRemoteTestNG.java:115)
at org.testng.remote.RemoteTestNG.initAndRun(RemoteTestNG.java:251)
at org.testng.remote.RemoteTestNG.main(RemoteTestNG.java:77)
]]>
    </failure>
  </testcase> <!-- @BeforeTest OpenBrowser -->
  <testcase classname="testng.TestNG_Instagram" name="@BeforeMethod OpenLink" time="-1.676388251327E9">
    <skipped/>
  </testcase> <!-- @BeforeMethod OpenLink -->
  <testcase classname="testng.TestNG_Instagram" name="@BeforeMethod OpenLink" time="-1.676388251343E9">
    <skipped/>
  </testcase> <!-- @BeforeMethod OpenLink -->
  <testcase classname="testng.TestNG_Instagram" name="@BeforeMethod OpenLink" time="-1.67638825137E9">
    <skipped/>
  </testcase> <!-- @BeforeMethod OpenLink -->
  <testcase classname="testng.TestNG_Instagram" name="@AfterClass CloseAllTab" time="-1.676388251381E9">
    <skipped/>
  </testcase> <!-- @AfterClass CloseAllTab -->
  <testcase classname="testng.TestNG_Instagram" name="@AfterTest afterTest" time="-1.67638825139E9">
    <skipped/>
  </testcase> <!-- @AfterTest afterTest -->
  <testcase classname="testng.TestNG_Instagram" name="VerifyTextOnSignUpPage" time="0.0">
    <skipped/>
  </testcase> <!-- VerifyTextOnSignUpPage -->
  <testcase classname="testng.TestNG_Instagram" name="VeriyfyPrivacyPolicy" time="0.0">
    <skipped/>
  </testcase> <!-- VeriyfyPrivacyPolicy -->
  <testcase classname="testng.TestNG_Instagram" name="VeriyfyTerms" time="0.0">
    <skipped/>
  </testcase> <!-- VeriyfyTerms -->
</testsuite> <!-- Default test -->
