<?xml version="1.0" encoding="UTF-8"?>
<!-- Generated by org.testng.reporters.JUnitXMLReporter -->
<testsuite ignored="0" hostname="DESKTOP-1FUPUEC" failures="0" tests="3" name="FirefoxTest" time="0.134" errors="0" timestamp="2023-02-14T20:02:43 IST">
  <testcase classname="testng.TestNGClassSNDTUniversity" name="@BeforeTest openBrowser" time="0.051">
    <failure type="java.lang.IllegalStateException" message="The path to the driver executable must be set by the webdriver.chrome.driver system property; for more information, see https://github.com/SeleniumHQ/selenium/wiki/ChromeDriver. The latest version can be downloaded from http://chromedriver.storage.googleapis.com/index.html">
      <![CDATA[java.lang.IllegalStateException: The path to the driver executable must be set by the webdriver.chrome.driver system property; for more information, see https://github.com/SeleniumHQ/selenium/wiki/ChromeDriver. The latest version can be downloaded from http://chromedriver.storage.googleapis.com/index.html
at com.google.common.base.Preconditions.checkState(Preconditions.java:847)
at org.openqa.selenium.remote.service.DriverService.findExecutable(DriverService.java:134)
at org.openqa.selenium.chrome.ChromeDriverService.access$000(ChromeDriverService.java:35)
at org.openqa.selenium.chrome.ChromeDriverService$Builder.findDefaultExecutable(ChromeDriverService.java:159)
at org.openqa.selenium.remote.service.DriverService$Builder.build(DriverService.java:355)
at org.openqa.selenium.chrome.ChromeDriverService.createDefaultService(ChromeDriverService.java:94)
at org.openqa.selenium.chrome.ChromeDriver.<init>(ChromeDriver.java:123)
at browser.Browser.openChromeBrwser(Browser.java:12)
at testng.TestNGClassSNDTUniversity.openBrowser(TestNGClassSNDTUniversity.java:38)
... Removed 22 stack frames]]>
    </failure>
  </testcase> <!-- @BeforeTest openBrowser -->
  <testcase classname="testng.TestNGClassSNDTUniversity" name="@BeforeMethod openLink" time="-1.676385163392E9">
    <skipped/>
  </testcase> <!-- @BeforeMethod openLink -->
  <testcase classname="testng.TestNGClassSNDTUniversity" name="@AfterMethod closeed" time="-1.6763851634E9">
    <skipped/>
  </testcase> <!-- @AfterMethod closeed -->
  <testcase classname="testng.TestNGClassSNDTUniversity" name="@BeforeMethod openLink" time="-1.676385163406E9">
    <skipped/>
  </testcase> <!-- @BeforeMethod openLink -->
  <testcase classname="testng.TestNGClassSNDTUniversity" name="@AfterMethod closeed" time="-1.676385163413E9">
    <skipped/>
  </testcase> <!-- @AfterMethod closeed -->
  <testcase classname="testng.TestNGClassSNDTUniversity" name="@BeforeMethod openLink" time="-1.676385163415E9">
    <skipped/>
  </testcase> <!-- @BeforeMethod openLink -->
  <testcase classname="testng.TestNGClassSNDTUniversity" name="@AfterMethod closeed" time="-1.67638516342E9">
    <skipped/>
  </testcase> <!-- @AfterMethod closeed -->
  <testcase classname="testng.TestNGClassSNDTUniversity" name="@AfterClass quit" time="-1.676385163423E9">
    <skipped/>
  </testcase> <!-- @AfterClass quit -->
  <testcase classname="testng.TestNGClassSNDTUniversity" name="@AfterTest afteTest" time="-1.676385163425E9">
    <skipped/>
  </testcase> <!-- @AfterTest afteTest -->
  <testcase classname="testng.TestNGClassSNDTUniversity" name="verifyURLOnStudent" time="0.0">
    <skipped/>
  </testcase> <!-- verifyURLOnStudent -->
  <testcase classname="testng.TestNGClassSNDTUniversity" name="verifyURLOnStudentName" time="0.0">
    <skipped/>
  </testcase> <!-- verifyURLOnStudentName -->
  <testcase classname="testng.TestNGClassSNDTUniversity" name="getTextStudentName" time="0.0">
    <skipped/>
  </testcase> <!-- getTextStudentName -->
</testsuite> <!-- FirefoxTest -->
