<?xml version="1.0" encoding="UTF-8"?>
<!-- Generated by org.testng.reporters.JUnitXMLReporter -->
<testsuite ignored="0" hostname="DESKTOP-1FUPUEC" failures="0" tests="3" name="GeckoTest" time="0.086" errors="0" timestamp="2023-02-08T13:20:43 IST">
  <testcase classname="testng.TestNGClassSNDTUniversity" name="@BeforeMethod openLink" time="0.001">
    <failure type="java.lang.NullPointerException" message="Cannot invoke &amp;quot;org.openqa.selenium.WebDriver.get(String)&amp;quot; because &amp;quot;this.driver&amp;quot; is null">
      <![CDATA[java.lang.NullPointerException: Cannot invoke "org.openqa.selenium.WebDriver.get(String)" because "this.driver" is null
at testng.TestNGClassSNDTUniversity.openLink(TestNGClassSNDTUniversity.java:60)
at java.base/java.util.ArrayList.forEach(ArrayList.java:1511)
... Removed 29 stack frames]]>
    </failure>
  </testcase> <!-- @BeforeMethod openLink -->
  <testcase classname="testng.TestNGClassSNDTUniversity" name="@AfterMethod closeed" time="-1.675842643058E9">
    <skipped/>
  </testcase> <!-- @AfterMethod closeed -->
  <testcase classname="testng.TestNGClassSNDTUniversity" name="@BeforeMethod openLink" time="-1.675842643067E9">
    <skipped/>
  </testcase> <!-- @BeforeMethod openLink -->
  <testcase classname="testng.TestNGClassSNDTUniversity" name="@AfterMethod closeed" time="-1.675842643073E9">
    <skipped/>
  </testcase> <!-- @AfterMethod closeed -->
  <testcase classname="testng.TestNGClassSNDTUniversity" name="@BeforeMethod openLink" time="-1.675842643074E9">
    <skipped/>
  </testcase> <!-- @BeforeMethod openLink -->
  <testcase classname="testng.TestNGClassSNDTUniversity" name="@AfterMethod closeed" time="-1.675842643081E9">
    <skipped/>
  </testcase> <!-- @AfterMethod closeed -->
  <testcase classname="testng.TestNGClassSNDTUniversity" name="@AfterClass quit" time="-1.675842643084E9">
    <skipped/>
  </testcase> <!-- @AfterClass quit -->
  <testcase classname="testng.TestNGClassSNDTUniversity" name="@AfterTest afteTest" time="-1.675842643086E9">
    <skipped/>
  </testcase> <!-- @AfterTest afteTest -->
  <testcase classname="testng.TestNGClassSNDTUniversity" name="verifyURLOnStudent" time="0.0">
    <skipped/>
  </testcase> <!-- verifyURLOnStudent -->
  <testcase classname="testng.TestNGClassSNDTUniversity" name="verifyURLOnStudentName" time="0.0">
    <skipped/>
  </testcase> <!-- verifyURLOnStudentName -->
  <testcase classname="testng.TestNGClassSNDTUniversity" name="getTextStudentName" time="0.0">
    <skipped/>
  </testcase> <!-- getTextStudentName -->
</testsuite> <!-- GeckoTest -->
