<?xml version="1.0" encoding="UTF-8"?>
<!-- Generated by org.testng.reporters.JUnitXMLReporter -->
<testsuite ignored="0" hostname="DESKTOP-1FUPUEC" failures="0" tests="3" name="Test" time="0.553" errors="0" timestamp="2023-04-02T11:15:20 IST">
  <testcase classname="testng.ICICIBank" name="@BeforeTest OpenBrowser" time="-1.680414319737E9">
    <failure type="org.testng.TestNGException" message="
Parameter &amp;apos;browser&amp;apos; is required by BeforeTest on method OpenBrowser but has not been marked @Optional or defined
in C:\Users\Usha\git\AshaGite\MavenProject\testng.xml">
      <![CDATA[org.testng.TestNGException: 
Parameter 'browser' is required by BeforeTest on method OpenBrowser but has not been marked @Optional or defined
in C:\Users\Usha\git\AshaGite\MavenProject\testng.xml
... Removed 21 stack frames]]>
    </failure>
  </testcase> <!-- @BeforeTest OpenBrowser -->
  <testcase classname="testng.ICICIBank" name="@BeforeClass browser" time="-1.680414319935E9">
    <skipped/>
  </testcase> <!-- @BeforeClass browser -->
  <testcase classname="testng.ICICIBank" name="@BeforeMethod OpenUrl" time="-1.680414320021E9">
    <skipped/>
  </testcase> <!-- @BeforeMethod OpenUrl -->
  <testcase classname="testng.ICICIBank" name="@AfterMethod close" time="-1.680414320082E9">
    <skipped/>
  </testcase> <!-- @AfterMethod close -->
  <testcase classname="testng.ICICIBank" name="@BeforeMethod OpenUrl" time="-1.680414320103E9">
    <skipped/>
  </testcase> <!-- @BeforeMethod OpenUrl -->
  <testcase classname="testng.ICICIBank" name="@AfterMethod close" time="-1.68041432013E9">
    <skipped/>
  </testcase> <!-- @AfterMethod close -->
  <testcase classname="testng.ICICIBank" name="@BeforeMethod OpenUrl" time="-1.68041432015E9">
    <skipped/>
  </testcase> <!-- @BeforeMethod OpenUrl -->
  <testcase classname="testng.ICICIBank" name="@AfterMethod close" time="-1.680414320213E9">
    <skipped/>
  </testcase> <!-- @AfterMethod close -->
  <testcase classname="testng.ICICIBank" name="@AfterClass CloseBrowser" time="-1.680414320224E9">
    <skipped/>
  </testcase> <!-- @AfterClass CloseBrowser -->
  <testcase classname="testng.ICICIBank" name="@AfterTest afterTest" time="-1.680414320232E9">
    <skipped/>
  </testcase> <!-- @AfterTest afterTest -->
  <testcase classname="testng.ICICIBank" name="verifyTextDigitalBanking" time="0.0">
    <skipped/>
  </testcase> <!-- verifyTextDigitalBanking -->
  <testcase classname="testng.ICICIBank" name="verifyProduct" time="0.0">
    <skipped/>
  </testcase> <!-- verifyProduct -->
  <testcase classname="testng.ICICIBank" name="verifyLoginButton" time="0.0">
    <skipped/>
  </testcase> <!-- verifyLoginButton -->
</testsuite> <!-- Test -->
