<?xml version="1.0" encoding="UTF-8"?>
<!-- Generated by org.testng.reporters.JUnitXMLReporter -->
<testsuite ignored="1" hostname="DESKTOP-1FUPUEC" failures="0" tests="1" name="ChromeTest(failed)(failed)" time="0.065" errors="0" timestamp="2023-03-08T12:10:39 IST">
  <testcase classname="testng.TestNG_Rediff_Mail" name="@BeforeSuite openBrowser" time="-1.678257639185E9">
    <failure type="org.testng.TestNGException" message="
Parameter &amp;apos;browser&amp;apos; is required by BeforeSuite on method openBrowser but has not been marked @Optional or defined
in C:\Users\Usha\git\AshaGite\MavenProject\test-output\testng-failed.xml">
      <![CDATA[org.testng.TestNGException: 
Parameter 'browser' is required by BeforeSuite on method openBrowser but has not been marked @Optional or defined
in C:\Users\Usha\git\AshaGite\MavenProject\test-output\testng-failed.xml
... Removed 16 stack frames]]>
    </failure>
  </testcase> <!-- @BeforeSuite openBrowser -->
  <testcase classname="testng.TestNG_Rediff_Mail" name="@BeforeTest openBrowser" time="-1.6782576392E9">
    <skipped/>
  </testcase> <!-- @BeforeTest openBrowser -->
  <testcase classname="testng.TestNG_Rediff_Mail" name="@BeforeClass openBrowser" time="-1.678257639228E9">
    <skipped/>
  </testcase> <!-- @BeforeClass openBrowser -->
  <testcase classname="testng.TestNG_Rediff_Mail" name="@BeforeMethod openURL" time="-1.678257639241E9">
    <skipped/>
  </testcase> <!-- @BeforeMethod openURL -->
  <testcase classname="testng.TestNG_Rediff_Mail" name="@AfterMethod close" time="-1.678257639249E9">
    <skipped/>
  </testcase> <!-- @AfterMethod close -->
  <testcase classname="testng.TestNG_Rediff_Mail" name="@AfterClass CloseBrowser" time="-1.678257639253E9">
    <skipped/>
  </testcase> <!-- @AfterClass CloseBrowser -->
  <testcase classname="testng.TestNG_Rediff_Mail" name="@AfterTest afterTest" time="-1.678257639259E9">
    <skipped/>
  </testcase> <!-- @AfterTest afterTest -->
  <testcase classname="testng.TestNG_Rediff_Mail" name="verifyJeansText" time="0.0">
    <skipped/>
  </testcase> <!-- verifyJeansText -->
  <testcase classname="testng.TestNG_Rediff_Mail" name="verifyCasualBag" time="0.0">
    <ignored/>
  </testcase> <!-- verifyCasualBag -->
</testsuite> <!-- ChromeTest(failed)(failed) -->
