<?xml version="1.0" encoding="UTF-8"?>
<!-- Generated by org.testng.reporters.JUnitXMLReporter -->
<testsuite ignored="0" hostname="DESKTOP-1FUPUEC" failures="0" tests="3" name="Test(failed)(failed)" time="0.403" errors="0" timestamp="2023-04-01T20:31:20 IST">
  <testcase classname="testng.ICICIBank" name="@BeforeTest OpenBrowser" time="-1.680361279398E9">
    <failure type="org.testng.TestNGException" message="
Parameter &amp;apos;browser&amp;apos; is required by BeforeTest on method OpenBrowser but has not been marked @Optional or defined
in C:\Users\Usha\git\AshaGite\MavenProject\test-output\testng-failed.xml">
      <![CDATA[org.testng.TestNGException: 
Parameter 'browser' is required by BeforeTest on method OpenBrowser but has not been marked @Optional or defined
in C:\Users\Usha\git\AshaGite\MavenProject\test-output\testng-failed.xml
... Removed 21 stack frames]]>
    </failure>
  </testcase> <!-- @BeforeTest OpenBrowser -->
  <testcase classname="testng.ICICIBank" name="@BeforeClass browser" time="-1.680361279548E9">
    <skipped/>
  </testcase> <!-- @BeforeClass browser -->
  <testcase classname="testng.ICICIBank" name="@BeforeMethod OpenUrl" time="-1.68036127961E9">
    <skipped/>
  </testcase> <!-- @BeforeMethod OpenUrl -->
  <testcase classname="testng.ICICIBank" name="@AfterMethod close" time="-1.68036127964E9">
    <skipped/>
  </testcase> <!-- @AfterMethod close -->
  <testcase classname="testng.ICICIBank" name="@BeforeMethod OpenUrl" time="-1.680361279668E9">
    <skipped/>
  </testcase> <!-- @BeforeMethod OpenUrl -->
  <testcase classname="testng.ICICIBank" name="@AfterMethod close" time="-1.680361279705E9">
    <skipped/>
  </testcase> <!-- @AfterMethod close -->
  <testcase classname="testng.ICICIBank" name="@BeforeMethod OpenUrl" time="-1.680361279714E9">
    <skipped/>
  </testcase> <!-- @BeforeMethod OpenUrl -->
  <testcase classname="testng.ICICIBank" name="@AfterMethod close" time="-1.680361279749E9">
    <skipped/>
  </testcase> <!-- @AfterMethod close -->
  <testcase classname="testng.ICICIBank" name="@AfterClass CloseBrowser" time="-1.680361279755E9">
    <skipped/>
  </testcase> <!-- @AfterClass CloseBrowser -->
  <testcase classname="testng.ICICIBank" name="@AfterTest afterTest" time="-1.680361279767E9">
    <skipped/>
  </testcase> <!-- @AfterTest afterTest -->
  <testcase classname="testng.ICICIBank" name="verifyTextDigitalBanking" time="0.0">
    <skipped/>
  </testcase> <!-- verifyTextDigitalBanking -->
  <testcase classname="testng.ICICIBank" name="verifyProduct" time="0.0">
    <skipped/>
  </testcase> <!-- verifyProduct -->
  <testcase classname="testng.ICICIBank" name="verifyLoginButton" time="0.0">
    <skipped/>
  </testcase> <!-- verifyLoginButton -->
</testsuite> <!-- Test(failed)(failed) -->
