<?xml version="1.0" encoding="UTF-8"?>
<!-- Generated by org.testng.reporters.JUnitXMLReporter -->
<testsuite ignored="0" hostname="DESKTOP-1FUPUEC" failures="0" tests="2" name="Default test(failed)" time="0.135" errors="0" timestamp="2023-02-11T13:10:11 IST">
  <testcase classname="testng.TestNGAjio" name="@BeforeTest OpenBrowser" time="-1.676101211691E9">
    <failure type="org.testng.TestNGException" message="
Parameter &amp;apos;browser&amp;apos; is required by BeforeTest on method OpenBrowser but has not been marked @Optional or defined
in C:\Users\Usha\eclipse-workspace\MavenProject\test-output\testng-failed.xml">
      <![CDATA[org.testng.TestNGException: 
Parameter 'browser' is required by BeforeTest on method OpenBrowser but has not been marked @Optional or defined
in C:\Users\Usha\eclipse-workspace\MavenProject\test-output\testng-failed.xml
... Removed 21 stack frames]]>
    </failure>
  </testcase> <!-- @BeforeTest OpenBrowser -->
  <testcase classname="testng.TestNGAjio" name="@BeforeMethod openUrl" time="-1.676101211771E9">
    <skipped/>
  </testcase> <!-- @BeforeMethod openUrl -->
  <testcase classname="testng.TestNGAjio" name="@AfterMethod back" time="-1.676101211785E9">
    <skipped/>
  </testcase> <!-- @AfterMethod back -->
  <testcase classname="testng.TestNGAjio" name="@BeforeMethod openUrl" time="-1.67610121179E9">
    <skipped/>
  </testcase> <!-- @BeforeMethod openUrl -->
  <testcase classname="testng.TestNGAjio" name="@AfterMethod back" time="-1.6761012118E9">
    <skipped/>
  </testcase> <!-- @AfterMethod back -->
  <testcase classname="testng.TestNGAjio" name="@AfterClass close" time="-1.676101211808E9">
    <skipped/>
  </testcase> <!-- @AfterClass close -->
  <testcase classname="testng.TestNGAjio" name="@AfterTest afterrTest" time="-1.676101211815E9">
    <skipped/>
  </testcase> <!-- @AfterTest afterrTest -->
  <testcase classname="testng.TestNGAjio" name="verifyKidsGetText" time="0.0">
    <skipped/>
  </testcase> <!-- verifyKidsGetText -->
  <testcase classname="testng.TestNGAjio" name="verifyMenText" time="0.0">
    <skipped/>
  </testcase> <!-- verifyMenText -->
</testsuite> <!-- Default test(failed) -->
